[main 424a856] Auto-update: 2025-05-22 00:30:00
 2 files changed, 5 insertions(+)
 create mode 100644 push.log
 create mode 100755 schedule_push.sh
To https://github.com/Cambobo4268/ai-bot-predictions.git
   9e82d15..424a856  main -> main
error: cannot pull with rebase: You have unstaged changes.
error: Please commit or stash them.
Everything up-to-date
error: cannot pull with rebase: You have unstaged changes.
error: additionally, your index contains uncommitted changes.
error: Please commit or stash them.
[main 385e91c] Auto-update: $(date '+%Y-%m-%d %H:%M:%S')
 2 files changed, 16 insertions(+), 4 deletions(-)
To https://github.com/Cambobo4268/ai-bot-predictions.git
   424a856..385e91c  main -> main
error: cannot pull with rebase: You have unstaged changes.
error: additionally, your index contains uncommitted changes.
error: Please commit or stash them.
[main 116690c] Auto-update: $(date '+%Y-%m-%d %H:%M:%S')
 1 file changed, 6 insertions(+)
To https://github.com/Cambobo4268/ai-bot-predictions.git
   385e91c..116690c  main -> main
error: cannot pull with rebase: You have unstaged changes.
error: additionally, your index contains uncommitted changes.
error: Please commit or stash them.
[main 4d4be1b] Auto-update: $(date '+%Y-%m-%d %H:%M:%S')
 1 file changed, 7 insertions(+)
To https://github.com/Cambobo4268/ai-bot-predictions.git
   116690c..4d4be1b  main -> main
error: cannot pull with rebase: You have unstaged changes.
error: additionally, your index contains uncommitted changes.
error: Please commit or stash them.
[main 35c3e3d] Auto-update: $(date '+%Y-%m-%d %H:%M:%S')
 1 file changed, 7 insertions(+)
To https://github.com/Cambobo4268/ai-bot-predictions.git
   4d4be1b..35c3e3d  main -> main
error: cannot pull with rebase: You have unstaged changes.
error: additionally, your index contains uncommitted changes.
error: Please commit or stash them.
[main 55468c5] Auto-update: $(date '+%Y-%m-%d %H:%M:%S')
 1 file changed, 7 insertions(+)
To https://github.com/Cambobo4268/ai-bot-predictions.git
   35c3e3d..55468c5  main -> main
error: cannot pull with rebase: You have unstaged changes.
error: additionally, your index contains uncommitted changes.
error: Please commit or stash them.
[main ad52245] Auto-update: $(date '+%Y-%m-%d %H:%M:%S')
 1 file changed, 7 insertions(+)
To https://github.com/Cambobo4268/ai-bot-predictions.git
   55468c5..ad52245  main -> main
error: cannot pull with rebase: You have unstaged changes.
error: additionally, your index contains uncommitted changes.
error: Please commit or stash them.
[main 2f97444] Auto-update: $(date '+%Y-%m-%d %H:%M:%S')
 1 file changed, 7 insertions(+)
To https://github.com/Cambobo4268/ai-bot-predictions.git
   ad52245..2f97444  main -> main
error: cannot pull with rebase: You have unstaged changes.
error: additionally, your index contains uncommitted changes.
error: Please commit or stash them.
[main fc518e2] Auto-update: $(date '+%Y-%m-%d %H:%M:%S')
 1 file changed, 7 insertions(+)
To https://github.com/Cambobo4268/ai-bot-predictions.git
   2f97444..fc518e2  main -> main
error: cannot pull with rebase: You have unstaged changes.
error: additionally, your index contains uncommitted changes.
error: Please commit or stash them.
[main f3f7c59] Auto-update: $(date '+%Y-%m-%d %H:%M:%S')
 1 file changed, 7 insertions(+)
To https://github.com/Cambobo4268/ai-bot-predictions.git
   fc518e2..f3f7c59  main -> main
error: cannot pull with rebase: You have unstaged changes.
error: additionally, your index contains uncommitted changes.
error: Please commit or stash them.
[main 8d4a5e4] Auto-update: $(date '+%Y-%m-%d %H:%M:%S')
 1 file changed, 7 insertions(+)
To https://github.com/Cambobo4268/ai-bot-predictions.git
   f3f7c59..8d4a5e4  main -> main
error: cannot pull with rebase: You have unstaged changes.
error: additionally, your index contains uncommitted changes.
error: Please commit or stash them.
[main 424e401] Auto-update: $(date '+%Y-%m-%d %H:%M:%S')
 1 file changed, 7 insertions(+)
To https://github.com/Cambobo4268/ai-bot-predictions.git
   8d4a5e4..424e401  main -> main
error: cannot pull with rebase: You have unstaged changes.
error: additionally, your index contains uncommitted changes.
error: Please commit or stash them.
[main 841ceb5] Auto-update: $(date '+%Y-%m-%d %H:%M:%S')
 1 file changed, 7 insertions(+)
To https://github.com/Cambobo4268/ai-bot-predictions.git
   424e401..841ceb5  main -> main
error: cannot pull with rebase: You have unstaged changes.
error: additionally, your index contains uncommitted changes.
error: Please commit or stash them.
[main a93fc8d] Auto-update: $(date '+%Y-%m-%d %H:%M:%S')
 1 file changed, 7 insertions(+)
