[2025-05-09 23:08:14] 🔄 Pulling predictions and running simulation...
[2025-05-09 23:08:14] [ERROR] Prediction pipeline exited with code 32256
[2025-05-09 23:08:14] ⚙️ Executing trade predictions...
[2025-05-09 23:08:14] [ERROR] Trade execution exited with code 32256
[2025-05-09 23:08:14] ⏳ Sleeping 60 seconds before next cycle...

[2025-05-09 23:09:02] 🔄 Pulling predictions and running simulation...
[2025-05-09 23:09:02] [ERROR] Prediction pipeline exited with code 32256
[2025-05-09 23:09:02] ⚙️ Executing trade predictions...
[2025-05-09 23:09:02] [ERROR] Trade execution exited with code 32256
[2025-05-09 23:09:02] ⏳ Sleeping 60 seconds before next cycle...

[2025-05-09 23:09:48] 🔄 Pulling predictions and running simulation...
[2025-05-09 23:09:52] ⚙️ Executing trade predictions...
[2025-05-09 23:09:52] ⏳ Sleeping 60 seconds before next cycle...

[2025-05-09 23:10:52] 🔄 Pulling predictions and running simulation...
[2025-05-09 23:10:57] ⚙️ Executing trade predictions...
[2025-05-09 23:10:57] ⏳ Sleeping 60 seconds before next cycle...

[2025-05-09 23:11:57] 🔄 Pulling predictions and running simulation...
[2025-05-09 23:12:01] ⚙️ Executing trade predictions...
[2025-05-09 23:12:02] ⏳ Sleeping 60 seconds before next cycle...

[2025-05-10 00:33:00] 🔄 Pulling predictions and running simulation...
[2025-05-10 00:33:00] ⚙️ Executing trade predictions...
[2025-05-10 00:33:00] ⏳ Sleeping 60 seconds before next cycle...

[2025-05-10 00:34:13] 🔄 Pulling predictions and running simulation...
[2025-05-10 00:34:13] ⚙️ Executing trade predictions...
[2025-05-10 00:34:13] ⏳ Sleeping 60 seconds before next cycle...

[2025-05-10 00:36:09] 🔄 Running prediction pipeline...
[2025-05-10 00:36:14] ✅ pull_and_predict.sh executed successfully.
[2025-05-10 00:36:14] ✅ log_prediction.py executed successfully.
[2025-05-10 00:36:14] ⚙️ Executing trade predictions...
[2025-05-10 00:36:14] ✅ execute_trades.py executed successfully.
[2025-05-10 00:36:14] ⏳ Sleeping 60 seconds...

[2025-05-10 00:37:14] 🔄 Running prediction pipeline...
[2025-05-10 00:37:18] ✅ pull_and_predict.sh executed successfully.
[2025-05-10 00:37:18] ✅ log_prediction.py executed successfully.
[2025-05-10 00:37:18] ⚙️ Executing trade predictions...
[2025-05-10 00:37:18] ✅ execute_trades.py executed successfully.
[2025-05-10 00:37:19] ⏳ Sleeping 60 seconds...

[2025-05-10 00:38:19] 🔄 Running prediction pipeline...
[2025-05-10 00:38:23] ✅ pull_and_predict.sh executed successfully.
[2025-05-10 00:38:23] ✅ log_prediction.py executed successfully.
[2025-05-10 00:38:23] ⚙️ Executing trade predictions...
[2025-05-10 00:38:23] ✅ execute_trades.py executed successfully.
[2025-05-10 00:38:23] ⏳ Sleeping 60 seconds...

[2025-05-10 00:39:23] 🔄 Running prediction pipeline...
[2025-05-10 00:39:27] ✅ pull_and_predict.sh executed successfully.
[2025-05-10 00:39:27] ✅ log_prediction.py executed successfully.
[2025-05-10 00:39:27] ⚙️ Executing trade predictions...
[2025-05-10 00:39:27] ✅ execute_trades.py executed successfully.
[2025-05-10 00:39:27] ⏳ Sleeping 60 seconds...

[2025-05-10 00:40:27] 🔄 Running prediction pipeline...
[2025-05-10 00:40:32] ✅ pull_and_predict.sh executed successfully.
[2025-05-10 00:40:32] ✅ log_prediction.py executed successfully.
[2025-05-10 00:40:32] ⚙️ Executing trade predictions...
[2025-05-10 00:40:32] ✅ execute_trades.py executed successfully.
[2025-05-10 00:40:32] ⏳ Sleeping 60 seconds...

[2025-05-10 00:41:32] 🔄 Running prediction pipeline...
[2025-05-10 00:41:36] ✅ pull_and_predict.sh executed successfully.
[2025-05-10 00:41:36] ✅ log_prediction.py executed successfully.
[2025-05-10 00:41:36] ⚙️ Executing trade predictions...
[2025-05-10 00:41:36] ✅ execute_trades.py executed successfully.
[2025-05-10 00:41:36] ⏳ Sleeping 60 seconds...

[2025-05-10 00:42:36] 🔄 Running prediction pipeline...
[2025-05-10 00:42:41] ✅ pull_and_predict.sh executed successfully.
[2025-05-10 00:42:41] ✅ log_prediction.py executed successfully.
[2025-05-10 00:42:41] ⚙️ Executing trade predictions...
[2025-05-10 00:42:41] ✅ execute_trades.py executed successfully.
[2025-05-10 00:42:41] ⏳ Sleeping 60 seconds...

[2025-05-10 00:43:41] 🔄 Running prediction pipeline...
[2025-05-10 00:43:46] ✅ pull_and_predict.sh executed successfully.
[2025-05-10 00:43:46] ✅ log_prediction.py executed successfully.
[2025-05-10 00:43:46] ⚙️ Executing trade predictions...
[2025-05-10 00:43:46] ✅ execute_trades.py executed successfully.
[2025-05-10 00:43:46] ⏳ Sleeping 60 seconds...

[2025-05-10 00:44:46] 🔄 Running prediction pipeline...
[2025-05-10 00:44:51] ✅ pull_and_predict.sh executed successfully.
[2025-05-10 00:44:51] ✅ log_prediction.py executed successfully.
[2025-05-10 00:44:51] ⚙️ Executing trade predictions...
[2025-05-10 00:44:51] ✅ execute_trades.py executed successfully.
[2025-05-10 00:44:51] ⏳ Sleeping 60 seconds...

[2025-05-10 00:47:29] ▶️ Running pull_and_predict.sh...
[2025-05-10 00:47:29] ❌ pull_and_predict.sh failed with exit code 32256
[2025-05-10 00:47:29] ▶️ Running execute_trades.py...
[2025-05-10 00:47:29] ❌ execute_trades.py failed with exit code 32256
[2025-05-10 00:47:29] ▶️ Running full_retrain.sh...
[2025-05-10 00:47:29] ❌ full_retrain.sh failed with exit code 32256
[2025-05-10 00:47:29] ⏳ Sleeping 60 seconds...

[2025-05-10 00:48:10] ▶️ Running pull_and_predict.sh...
[2025-05-10 00:48:10] ❌ pull_and_predict.sh failed with exit code 32256
[2025-05-10 00:48:10] ▶️ Running execute_trades.py...
[2025-05-10 00:48:10] ❌ execute_trades.py failed with exit code 32256
[2025-05-10 00:48:10] ▶️ Running full_retrain.sh...
[2025-05-10 00:48:10] ❌ full_retrain.sh failed with exit code 32256
[2025-05-10 00:48:10] ⏳ Sleeping 60 seconds...

[2025-05-10 00:49:03] ▶️ Running pull_and_predict.sh...
[2025-05-10 00:49:03] ❌ pull_and_predict.sh failed with exit code 32256
[2025-05-10 00:49:03] ▶️ Running execute_trades.py...
[2025-05-10 00:49:03] ❌ execute_trades.py failed with exit code 32256
[2025-05-10 00:49:03] ▶️ Running full_retrain.sh...
[2025-05-10 00:49:03] ❌ full_retrain.sh failed with exit code 32256
[2025-05-10 00:49:03] ⏳ Sleeping 60 seconds...

[2025-05-10 00:49:54] ▶️ Running pull_and_predict.sh...
[2025-05-10 00:49:54] ❌ pull_and_predict.sh failed with exit code 32256
[2025-05-10 00:49:54] ▶️ Running execute_trades.py...
[2025-05-10 00:49:54] ❌ execute_trades.py failed with exit code 32256
[2025-05-10 00:49:54] ▶️ Running full_retrain.sh...
[2025-05-10 00:49:54] ❌ full_retrain.sh failed with exit code 32256
[2025-05-10 00:49:54] ⏳ Sleeping 60 seconds...

[2025-05-10 00:50:37] ▶️ Running pull_and_predict.sh...
[2025-05-10 00:50:37] ❌ pull_and_predict.sh failed with exit code 32256
[2025-05-10 00:50:37] ▶️ Running execute_trades.py...
[2025-05-10 00:50:37] ❌ execute_trades.py failed with exit code 32256
[2025-05-10 00:50:37] ▶️ Running full_retrain.sh...
[2025-05-10 00:50:37] ❌ full_retrain.sh failed with exit code 32256
[2025-05-10 00:50:37] ⏳ Sleeping 60 seconds...

[2025-05-10 00:51:21] ▶️ Running pull_and_predict.sh...
[2025-05-10 00:51:25] ✅ pull_and_predict.sh completed successfully.
[2025-05-10 00:51:25] ▶️ Running execute_trades.py...
[2025-05-10 00:51:25] ❌ execute_trades.py failed with exit code 1
[2025-05-10 00:51:25] ▶️ Running full_retrain.sh...
[2025-05-10 00:51:59] ✅ full_retrain.sh completed successfully.
[2025-05-10 00:51:59] ⏳ Sleeping 60 seconds...

[2025-05-10 00:53:28] ▶️ Running pull_and_predict.sh...
[2025-05-10 00:53:32] ✅ pull_and_predict.sh completed successfully.
[2025-05-10 00:53:32] ▶️ Running execute_trades.py...
[2025-05-10 00:53:32] ✅ execute_trades.py completed successfully.
[2025-05-10 00:53:32] ▶️ Running full_retrain.sh...
[2025-05-10 00:53:37] ✅ full_retrain.sh completed successfully.
[2025-05-10 00:53:37] ⏳ Sleeping 60 seconds...

[2025-05-10 01:02:45] 💬 Launching Telegram listener...
[2025-05-10 01:02:45] ▶️ Running pull_and_predict.sh...
[2025-05-10 01:02:45] ❌ pull_and_predict.sh failed with exit code 32256
[2025-05-10 01:02:45] ▶️ Running execute_trades.py...
[2025-05-10 01:02:45] ❌ execute_trades.py failed with exit code 32256
[2025-05-10 01:02:45] ⏳ Sleeping 60 seconds...

[2025-05-10 01:03:45] ▶️ Running pull_and_predict.sh...
[2025-05-10 01:03:45] ❌ pull_and_predict.sh failed with exit code 32256
[2025-05-10 01:03:45] ▶️ Running execute_trades.py...
[2025-05-10 01:03:45] ❌ execute_trades.py failed with exit code 32256
[2025-05-10 01:03:45] ⏳ Sleeping 60 seconds...

[2025-05-10 01:04:45] ▶️ Running pull_and_predict.sh...
[2025-05-10 01:04:45] ❌ pull_and_predict.sh failed with exit code 32256
[2025-05-10 01:04:45] ▶️ Running execute_trades.py...
[2025-05-10 01:04:45] ❌ execute_trades.py failed with exit code 32256
[2025-05-10 01:04:45] ⏳ Sleeping 60 seconds...

[2025-05-10 01:05:45] ▶️ Running pull_and_predict.sh...
[2025-05-10 01:05:45] ❌ pull_and_predict.sh failed with exit code 32256
[2025-05-10 01:05:45] ▶️ Running execute_trades.py...
[2025-05-10 01:05:45] ❌ execute_trades.py failed with exit code 32256
[2025-05-10 01:05:45] ⏳ Sleeping 60 seconds...

[2025-05-10 01:05:59] 💬 Launching Telegram listener...
[2025-05-10 01:05:59] ▶️ Running pull_and_predict.sh...
[2025-05-10 01:05:59] ❌ pull_and_predict.sh failed with exit code 32256
[2025-05-10 01:05:59] ▶️ Running execute_trades.py...
[2025-05-10 01:05:59] ❌ execute_trades.py failed with exit code 32256
[2025-05-10 01:05:59] ⏳ Sleeping 60 seconds...

[2025-05-10 01:06:51] 💬 Launching Telegram listener...
[2025-05-10 01:06:51] ▶️ Running pull_and_predict.sh...
[2025-05-10 01:06:51] ❌ pull_and_predict.sh failed with exit code 32256
[2025-05-10 01:06:51] ▶️ Running execute_trades.py...
[2025-05-10 01:06:51] ❌ execute_trades.py failed with exit code 32256
[2025-05-10 01:06:51] ⏳ Sleeping 60 seconds...

[2025-05-10 01:08:23] 💬 Launching Telegram listener...
[2025-05-10 01:08:23] ▶️ Running pull_and_predict.sh...
[2025-05-10 01:08:23] ❌ pull_and_predict.sh failed with exit code 32256
[2025-05-10 01:08:23] ▶️ Running execute_trades.py...
[2025-05-10 01:08:23] ❌ execute_trades.py failed with exit code 32256
[2025-05-10 01:08:23] ⏳ Sleeping 60 seconds...

[2025-05-10 01:08:54] 💬 Launching Telegram listener...
[2025-05-10 01:08:54] ▶️ Running pull_and_predict.sh...
[2025-05-10 01:08:54] ❌ pull_and_predict.sh failed with exit code 32256
[2025-05-10 01:08:54] ▶️ Running execute_trades.py...
[2025-05-10 01:08:54] ❌ execute_trades.py failed with exit code 32256
[2025-05-10 01:08:54] ⏳ Sleeping 60 seconds...

[2025-05-10 01:09:32] 💬 Launching Telegram listener...
[2025-05-10 01:09:32] ▶️ Running pull_and_predict.sh...
[2025-05-10 01:09:32] ❌ pull_and_predict.sh failed with exit code 32256
[2025-05-10 01:09:32] ▶️ Running execute_trades.py...
[2025-05-10 01:09:32] ❌ execute_trades.py failed with exit code 32256
[2025-05-10 01:09:32] ⏳ Sleeping 60 seconds...

[2025-05-10 01:10:06] 💬 Launching Telegram listener...
[2025-05-10 01:10:06] ▶️ Running pull_and_predict.sh...
[2025-05-10 01:10:06] ❌ pull_and_predict.sh failed with exit code 32256
[2025-05-10 01:10:06] ▶️ Running execute_trades.py...
[2025-05-10 01:10:06] ❌ execute_trades.py failed with exit code 32256
[2025-05-10 01:10:06] ⏳ Sleeping 60 seconds...

[2025-05-10 01:10:48] 💬 Launching Telegram listener...
[2025-05-10 01:10:48] ▶️ Running pull_and_predict.sh...
[2025-05-10 01:10:48] ❌ pull_and_predict.sh failed with exit code 32256
[2025-05-10 01:10:48] ▶️ Running execute_trades.py...
[2025-05-10 01:10:48] ❌ execute_trades.py failed with exit code 32256
[2025-05-10 01:10:48] ⏳ Sleeping 60 seconds...

[2025-05-10 01:11:21] 💬 Launching Telegram listener...
[2025-05-10 01:11:21] ▶️ Running pull_and_predict.sh...
[2025-05-10 01:11:21] ❌ pull_and_predict.sh failed with exit code 32256
[2025-05-10 01:11:21] ▶️ Running execute_trades.py...
[2025-05-10 01:11:21] ❌ execute_trades.py failed with exit code 32256
[2025-05-10 01:11:21] ⏳ Sleeping 60 seconds...

[2025-05-10 01:12:11] 💬 Launching Telegram listener...
[2025-05-10 01:12:12] ▶️ Running pull_and_predict.sh...
[2025-05-10 01:12:12] ❌ pull_and_predict.sh failed with exit code 32256
[2025-05-10 01:12:12] ▶️ Running execute_trades.py...
[2025-05-10 01:12:12] ❌ execute_trades.py failed with exit code 32256
[2025-05-10 01:12:12] ⏳ Sleeping 60 seconds...

[2025-05-10 01:12:56] 💬 Launching Telegram listener...
[2025-05-10 01:12:56] ▶️ Running pull_and_predict.sh...
[2025-05-10 01:12:56] ❌ pull_and_predict.sh failed with exit code 32256
[2025-05-10 01:12:56] ▶️ Running execute_trades.py...
[2025-05-10 01:12:56] ❌ execute_trades.py failed with exit code 32256
[2025-05-10 01:12:56] ⏳ Sleeping 60 seconds...

[2025-05-10 01:13:48] 💬 Launching Telegram listener...
[2025-05-10 01:13:48] ▶️ Running pull_and_predict.sh...
[2025-05-10 01:13:48] ❌ pull_and_predict.sh failed with exit code 32256
[2025-05-10 01:13:48] ▶️ Running execute_trades.py...
[2025-05-10 01:13:48] ❌ execute_trades.py failed with exit code 32256
[2025-05-10 01:13:48] ⏳ Sleeping 60 seconds...

[2025-05-10 01:14:48] ▶️ Running pull_and_predict.sh...
[2025-05-10 01:14:48] ❌ pull_and_predict.sh failed with exit code 32256
[2025-05-10 01:14:48] ▶️ Running execute_trades.py...
[2025-05-10 01:14:48] ❌ execute_trades.py failed with exit code 32256
[2025-05-10 01:14:48] ⏳ Sleeping 60 seconds...

[2025-05-10 01:17:16] 💬 Launching Telegram listener...
[2025-05-10 01:17:16] ▶️ Running pull_and_predict.py...
[2025-05-10 01:17:21] ✅ pull_and_predict.py completed successfully.
[2025-05-10 01:17:21] ▶️ Running execute_trades.py...
[2025-05-10 01:17:21] ✅ execute_trades.py completed successfully.
[2025-05-10 01:17:21] ⏳ Sleeping 60 seconds...

[2025-05-10 01:20:08] 💬 Launching Telegram listener...
[2025-05-10 01:20:08] ▶️ Running pull_and_predict.sh...
[2025-05-10 01:20:12] ✅ pull_and_predict.sh completed successfully.
[2025-05-10 01:20:12] ▶️ Running execute_trades.py...
[2025-05-10 01:20:12] ✅ execute_trades.py completed successfully.
[2025-05-10 01:20:12] ⏳ Sleeping 60 seconds...

[2025-05-10 01:52:59] 💬 Launching Telegram listener...
[2025-05-10 01:52:59] ▶️ Running pull_and_predict.sh...
[2025-05-10 01:52:59] ❌ pull_and_predict.sh failed with exit code 32256
[2025-05-10 01:52:59] ▶️ Running execute_trades.py...
[2025-05-10 01:52:59] ❌ execute_trades.py failed with exit code 32256
[2025-05-10 01:52:59] ⏳ Sleeping 60 seconds...

[2025-05-10 01:53:39] 💬 Launching Telegram listener...
[2025-05-10 01:53:39] ▶️ Running pull_and_predict.sh...
[2025-05-10 01:53:39] ❌ pull_and_predict.sh failed with exit code 32256
[2025-05-10 01:53:39] ▶️ Running execute_trades.py...
[2025-05-10 01:53:39] ❌ execute_trades.py failed with exit code 32256
[2025-05-10 01:53:39] ⏳ Sleeping 60 seconds...

[2025-05-10 01:54:12] 💬 Launching Telegram listener...
[2025-05-10 01:54:12] ▶️ Running pull_and_predict.sh...
[2025-05-10 01:54:12] ❌ pull_and_predict.sh failed with exit code 32256
[2025-05-10 01:54:12] ▶️ Running execute_trades.py...
[2025-05-10 01:54:12] ❌ execute_trades.py failed with exit code 32256
[2025-05-10 01:54:12] ⏳ Sleeping 60 seconds...

[2025-05-10 01:54:55] 💬 Launching Telegram listener...
[2025-05-10 01:54:55] ▶️ Running pull_and_predict.sh...
[2025-05-10 01:54:55] ❌ pull_and_predict.sh failed with exit code 32256
[2025-05-10 01:54:55] ▶️ Running execute_trades.py...
[2025-05-10 01:54:55] ❌ execute_trades.py failed with exit code 32256
[2025-05-10 01:54:55] ⏳ Sleeping 60 seconds...

[2025-05-10 01:56:06] 💬 Launching Telegram listener...
[2025-05-10 01:56:06] ▶️ Running pull_and_predict.sh...
[2025-05-10 01:56:06] ❌ pull_and_predict.sh failed with exit code 32256
[2025-05-10 01:56:06] ▶️ Running execute_trades.py...
[2025-05-10 01:56:06] ❌ execute_trades.py failed with exit code 32256
[2025-05-10 01:56:06] ⏳ Sleeping 60 seconds...

